<?xml version="1.0" encoding="UTF-8"?>
<testsuite xmlns:xsi="http://www.w3.org/2001/XMLSchema-instance" xsi:noNamespaceSchemaLocation="https://maven.apache.org/surefire/maven-surefire-plugin/xsd/surefire-test-report.xsd" name="com.udemy.BackendninjaApplicationTests" time="10.55" tests="1" errors="0" skipped="0" failures="0">
  <properties>
    <property name="sun.desktop" value="windows"/>
    <property name="awt.toolkit" value="sun.awt.windows.WToolkit"/>
    <property name="file.encoding.pkg" value="sun.io"/>
    <property name="java.specification.version" value="1.8"/>
    <property name="sun.cpu.isalist" value="amd64"/>
    <property name="sun.jnu.encoding" value="Cp1252"/>
    <property name="java.class.path" value="D:\software\udemy\Spring Boot Ninja\Practicas\backendninja\target\test-classes;D:\software\udemy\Spring Boot Ninja\Practicas\backendninja\target\classes;D:\software\repository\repository_laptop\org\springframework\boot\spring-boot-starter-thymeleaf\2.0.5.RELEASE\spring-boot-starter-thymeleaf-2.0.5.RELEASE.jar;D:\software\repository\repository_laptop\org\springframework\boot\spring-boot-starter\2.0.5.RELEASE\spring-boot-starter-2.0.5.RELEASE.jar;D:\software\repository\repository_laptop\org\springframework\boot\spring-boot\2.0.5.RELEASE\spring-boot-2.0.5.RELEASE.jar;D:\software\repository\repository_laptop\org\springframework\boot\spring-boot-autoconfigure\2.0.5.RELEASE\spring-boot-autoconfigure-2.0.5.RELEASE.jar;D:\software\repository\repository_laptop\org\springframework\boot\spring-boot-starter-logging\2.0.5.RELEASE\spring-boot-starter-logging-2.0.5.RELEASE.jar;D:\software\repository\repository_laptop\ch\qos\logback\logback-classic\1.2.3\logback-classic-1.2.3.jar;D:\software\repository\repository_laptop\ch\qos\logback\logback-core\1.2.3\logback-core-1.2.3.jar;D:\software\repository\repository_laptop\org\apache\logging\log4j\log4j-to-slf4j\2.10.0\log4j-to-slf4j-2.10.0.jar;D:\software\repository\repository_laptop\org\apache\logging\log4j\log4j-api\2.10.0\log4j-api-2.10.0.jar;D:\software\repository\repository_laptop\org\slf4j\jul-to-slf4j\1.7.25\jul-to-slf4j-1.7.25.jar;D:\software\repository\repository_laptop\javax\annotation\javax.annotation-api\1.3.2\javax.annotation-api-1.3.2.jar;D:\software\repository\repository_laptop\org\yaml\snakeyaml\1.19\snakeyaml-1.19.jar;D:\software\repository\repository_laptop\org\thymeleaf\thymeleaf-spring5\3.0.9.RELEASE\thymeleaf-spring5-3.0.9.RELEASE.jar;D:\software\repository\repository_laptop\org\thymeleaf\thymeleaf\3.0.9.RELEASE\thymeleaf-3.0.9.RELEASE.jar;D:\software\repository\repository_laptop\org\attoparser\attoparser\2.0.4.RELEASE\attoparser-2.0.4.RELEASE.jar;D:\software\repository\repository_laptop\org\unbescape\unbescape\1.1.5.RELEASE\unbescape-1.1.5.RELEASE.jar;D:\software\repository\repository_laptop\org\thymeleaf\extras\thymeleaf-extras-java8time\3.0.1.RELEASE\thymeleaf-extras-java8time-3.0.1.RELEASE.jar;D:\software\repository\repository_laptop\org\springframework\boot\spring-boot-starter-web\2.0.5.RELEASE\spring-boot-starter-web-2.0.5.RELEASE.jar;D:\software\repository\repository_laptop\org\springframework\boot\spring-boot-starter-json\2.0.5.RELEASE\spring-boot-starter-json-2.0.5.RELEASE.jar;D:\software\repository\repository_laptop\com\fasterxml\jackson\core\jackson-databind\2.9.6\jackson-databind-2.9.6.jar;D:\software\repository\repository_laptop\com\fasterxml\jackson\core\jackson-annotations\2.9.0\jackson-annotations-2.9.0.jar;D:\software\repository\repository_laptop\com\fasterxml\jackson\core\jackson-core\2.9.6\jackson-core-2.9.6.jar;D:\software\repository\repository_laptop\com\fasterxml\jackson\datatype\jackson-datatype-jdk8\2.9.6\jackson-datatype-jdk8-2.9.6.jar;D:\software\repository\repository_laptop\com\fasterxml\jackson\datatype\jackson-datatype-jsr310\2.9.6\jackson-datatype-jsr310-2.9.6.jar;D:\software\repository\repository_laptop\com\fasterxml\jackson\module\jackson-module-parameter-names\2.9.6\jackson-module-parameter-names-2.9.6.jar;D:\software\repository\repository_laptop\org\springframework\boot\spring-boot-starter-tomcat\2.0.5.RELEASE\spring-boot-starter-tomcat-2.0.5.RELEASE.jar;D:\software\repository\repository_laptop\org\apache\tomcat\embed\tomcat-embed-core\8.5.34\tomcat-embed-core-8.5.34.jar;D:\software\repository\repository_laptop\org\apache\tomcat\embed\tomcat-embed-el\8.5.34\tomcat-embed-el-8.5.34.jar;D:\software\repository\repository_laptop\org\apache\tomcat\embed\tomcat-embed-websocket\8.5.34\tomcat-embed-websocket-8.5.34.jar;D:\software\repository\repository_laptop\org\hibernate\validator\hibernate-validator\6.0.12.Final\hibernate-validator-6.0.12.Final.jar;D:\software\repository\repository_laptop\javax\validation\validation-api\2.0.1.Final\validation-api-2.0.1.Final.jar;D:\software\repository\repository_laptop\org\jboss\logging\jboss-logging\3.3.2.Final\jboss-logging-3.3.2.Final.jar;D:\software\repository\repository_laptop\com\fasterxml\classmate\1.3.4\classmate-1.3.4.jar;D:\software\repository\repository_laptop\org\springframework\spring-web\5.0.9.RELEASE\spring-web-5.0.9.RELEASE.jar;D:\software\repository\repository_laptop\org\springframework\spring-beans\5.0.9.RELEASE\spring-beans-5.0.9.RELEASE.jar;D:\software\repository\repository_laptop\org\springframework\spring-webmvc\5.0.9.RELEASE\spring-webmvc-5.0.9.RELEASE.jar;D:\software\repository\repository_laptop\org\springframework\spring-context\5.0.9.RELEASE\spring-context-5.0.9.RELEASE.jar;D:\software\repository\repository_laptop\org\springframework\spring-expression\5.0.9.RELEASE\spring-expression-5.0.9.RELEASE.jar;D:\software\repository\repository_laptop\org\springframework\boot\spring-boot-starter-test\2.0.5.RELEASE\spring-boot-starter-test-2.0.5.RELEASE.jar;D:\software\repository\repository_laptop\org\springframework\boot\spring-boot-test\2.0.5.RELEASE\spring-boot-test-2.0.5.RELEASE.jar;D:\software\repository\repository_laptop\org\springframework\boot\spring-boot-test-autoconfigure\2.0.5.RELEASE\spring-boot-test-autoconfigure-2.0.5.RELEASE.jar;D:\software\repository\repository_laptop\com\jayway\jsonpath\json-path\2.4.0\json-path-2.4.0.jar;D:\software\repository\repository_laptop\net\minidev\json-smart\2.3\json-smart-2.3.jar;D:\software\repository\repository_laptop\net\minidev\accessors-smart\1.2\accessors-smart-1.2.jar;D:\software\repository\repository_laptop\org\ow2\asm\asm\5.0.4\asm-5.0.4.jar;D:\software\repository\repository_laptop\junit\junit\4.12\junit-4.12.jar;D:\software\repository\repository_laptop\org\assertj\assertj-core\3.9.1\assertj-core-3.9.1.jar;D:\software\repository\repository_laptop\org\mockito\mockito-core\2.15.0\mockito-core-2.15.0.jar;D:\software\repository\repository_laptop\net\bytebuddy\byte-buddy\1.7.11\byte-buddy-1.7.11.jar;D:\software\repository\repository_laptop\net\bytebuddy\byte-buddy-agent\1.7.11\byte-buddy-agent-1.7.11.jar;D:\software\repository\repository_laptop\org\objenesis\objenesis\2.6\objenesis-2.6.jar;D:\software\repository\repository_laptop\org\hamcrest\hamcrest-core\1.3\hamcrest-core-1.3.jar;D:\software\repository\repository_laptop\org\hamcrest\hamcrest-library\1.3\hamcrest-library-1.3.jar;D:\software\repository\repository_laptop\org\skyscreamer\jsonassert\1.5.0\jsonassert-1.5.0.jar;D:\software\repository\repository_laptop\com\vaadin\external\google\android-json\0.0.20131108.vaadin1\android-json-0.0.20131108.vaadin1.jar;D:\software\repository\repository_laptop\org\springframework\spring-core\5.0.9.RELEASE\spring-core-5.0.9.RELEASE.jar;D:\software\repository\repository_laptop\org\springframework\spring-jcl\5.0.9.RELEASE\spring-jcl-5.0.9.RELEASE.jar;D:\software\repository\repository_laptop\org\springframework\spring-test\5.0.9.RELEASE\spring-test-5.0.9.RELEASE.jar;D:\software\repository\repository_laptop\org\xmlunit\xmlunit-core\2.5.1\xmlunit-core-2.5.1.jar;D:\software\repository\repository_laptop\org\springframework\boot\spring-boot-starter-data-jpa\2.0.5.RELEASE\spring-boot-starter-data-jpa-2.0.5.RELEASE.jar;D:\software\repository\repository_laptop\org\springframework\boot\spring-boot-starter-aop\2.0.5.RELEASE\spring-boot-starter-aop-2.0.5.RELEASE.jar;D:\software\repository\repository_laptop\org\aspectj\aspectjweaver\1.8.13\aspectjweaver-1.8.13.jar;D:\software\repository\repository_laptop\org\springframework\boot\spring-boot-starter-jdbc\2.0.5.RELEASE\spring-boot-starter-jdbc-2.0.5.RELEASE.jar;D:\software\repository\repository_laptop\com\zaxxer\HikariCP\2.7.9\HikariCP-2.7.9.jar;D:\software\repository\repository_laptop\org\springframework\spring-jdbc\5.0.9.RELEASE\spring-jdbc-5.0.9.RELEASE.jar;D:\software\repository\repository_laptop\javax\transaction\javax.transaction-api\1.2\javax.transaction-api-1.2.jar;D:\software\repository\repository_laptop\org\hibernate\hibernate-core\5.2.17.Final\hibernate-core-5.2.17.Final.jar;D:\software\repository\repository_laptop\org\hibernate\javax\persistence\hibernate-jpa-2.1-api\1.0.2.Final\hibernate-jpa-2.1-api-1.0.2.Final.jar;D:\software\repository\repository_laptop\org\javassist\javassist\3.22.0-GA\javassist-3.22.0-GA.jar;D:\software\repository\repository_laptop\antlr\antlr\2.7.7\antlr-2.7.7.jar;D:\software\repository\repository_laptop\org\jboss\jandex\2.0.3.Final\jandex-2.0.3.Final.jar;D:\software\repository\repository_laptop\dom4j\dom4j\1.6.1\dom4j-1.6.1.jar;D:\software\repository\repository_laptop\org\hibernate\common\hibernate-commons-annotations\5.0.1.Final\hibernate-commons-annotations-5.0.1.Final.jar;D:\software\repository\repository_laptop\org\springframework\data\spring-data-jpa\2.0.10.RELEASE\spring-data-jpa-2.0.10.RELEASE.jar;D:\software\repository\repository_laptop\org\springframework\data\spring-data-commons\2.0.10.RELEASE\spring-data-commons-2.0.10.RELEASE.jar;D:\software\repository\repository_laptop\org\springframework\spring-orm\5.0.9.RELEASE\spring-orm-5.0.9.RELEASE.jar;D:\software\repository\repository_laptop\org\springframework\spring-tx\5.0.9.RELEASE\spring-tx-5.0.9.RELEASE.jar;D:\software\repository\repository_laptop\org\springframework\spring-aspects\5.0.9.RELEASE\spring-aspects-5.0.9.RELEASE.jar;D:\software\repository\repository_laptop\mysql\mysql-connector-java\5.1.47\mysql-connector-java-5.1.47.jar;D:\software\repository\repository_laptop\com\querydsl\querydsl-jpa\4.1.4\querydsl-jpa-4.1.4.jar;D:\software\repository\repository_laptop\com\querydsl\querydsl-core\4.1.4\querydsl-core-4.1.4.jar;D:\software\repository\repository_laptop\com\google\guava\guava\18.0\guava-18.0.jar;D:\software\repository\repository_laptop\com\google\code\findbugs\jsr305\1.3.9\jsr305-1.3.9.jar;D:\software\repository\repository_laptop\com\mysema\commons\mysema-commons-lang\0.2.4\mysema-commons-lang-0.2.4.jar;D:\software\repository\repository_laptop\com\infradna\tool\bridge-method-annotation\1.13\bridge-method-annotation-1.13.jar;D:\software\repository\repository_laptop\org\slf4j\slf4j-api\1.7.25\slf4j-api-1.7.25.jar;D:\software\repository\repository_laptop\org\slf4j\slf4j-log4j12\1.6.1\slf4j-log4j12-1.6.1.jar;D:\software\repository\repository_laptop\log4j\log4j\1.2.16\log4j-1.2.16.jar;D:\software\repository\repository_laptop\org\springframework\boot\spring-boot-starter-security\2.0.5.RELEASE\spring-boot-starter-security-2.0.5.RELEASE.jar;D:\software\repository\repository_laptop\org\springframework\spring-aop\5.0.9.RELEASE\spring-aop-5.0.9.RELEASE.jar;D:\software\repository\repository_laptop\org\springframework\security\spring-security-config\5.0.8.RELEASE\spring-security-config-5.0.8.RELEASE.jar;D:\software\repository\repository_laptop\org\springframework\security\spring-security-core\5.0.8.RELEASE\spring-security-core-5.0.8.RELEASE.jar;D:\software\repository\repository_laptop\org\springframework\security\spring-security-web\5.0.8.RELEASE\spring-security-web-5.0.8.RELEASE.jar;"/>
    <property name="java.vm.vendor" value="Oracle Corporation"/>
    <property name="sun.arch.data.model" value="64"/>
    <property name="user.variant" value=""/>
    <property name="java.vendor.url" value="http://java.oracle.com/"/>
    <property name="user.timezone" value=""/>
    <property name="java.vm.specification.version" value="1.8"/>
    <property name="os.name" value="Windows 10"/>
    <property name="user.country" value="PE"/>
    <property name="sun.java.launcher" value="SUN_STANDARD"/>
    <property name="sun.boot.library.path" value="C:\Program Files\Java\jdk1.8.0_144\jre\bin"/>
    <property name="sun.java.command" value="C:\Users\dperez\AppData\Local\Temp\surefire6678698926665862587\surefirebooter8290167535598574112.jar C:\Users\dperez\AppData\Local\Temp\surefire6678698926665862587 2019-01-19T17-49-12_855-jvmRun1 surefire2642990173838438100tmp surefire_03995657577596131899tmp"/>
    <property name="surefire.test.class.path" value="D:\software\udemy\Spring Boot Ninja\Practicas\backendninja\target\test-classes;D:\software\udemy\Spring Boot Ninja\Practicas\backendninja\target\classes;D:\software\repository\repository_laptop\org\springframework\boot\spring-boot-starter-thymeleaf\2.0.5.RELEASE\spring-boot-starter-thymeleaf-2.0.5.RELEASE.jar;D:\software\repository\repository_laptop\org\springframework\boot\spring-boot-starter\2.0.5.RELEASE\spring-boot-starter-2.0.5.RELEASE.jar;D:\software\repository\repository_laptop\org\springframework\boot\spring-boot\2.0.5.RELEASE\spring-boot-2.0.5.RELEASE.jar;D:\software\repository\repository_laptop\org\springframework\boot\spring-boot-autoconfigure\2.0.5.RELEASE\spring-boot-autoconfigure-2.0.5.RELEASE.jar;D:\software\repository\repository_laptop\org\springframework\boot\spring-boot-starter-logging\2.0.5.RELEASE\spring-boot-starter-logging-2.0.5.RELEASE.jar;D:\software\repository\repository_laptop\ch\qos\logback\logback-classic\1.2.3\logback-classic-1.2.3.jar;D:\software\repository\repository_laptop\ch\qos\logback\logback-core\1.2.3\logback-core-1.2.3.jar;D:\software\repository\repository_laptop\org\apache\logging\log4j\log4j-to-slf4j\2.10.0\log4j-to-slf4j-2.10.0.jar;D:\software\repository\repository_laptop\org\apache\logging\log4j\log4j-api\2.10.0\log4j-api-2.10.0.jar;D:\software\repository\repository_laptop\org\slf4j\jul-to-slf4j\1.7.25\jul-to-slf4j-1.7.25.jar;D:\software\repository\repository_laptop\javax\annotation\javax.annotation-api\1.3.2\javax.annotation-api-1.3.2.jar;D:\software\repository\repository_laptop\org\yaml\snakeyaml\1.19\snakeyaml-1.19.jar;D:\software\repository\repository_laptop\org\thymeleaf\thymeleaf-spring5\3.0.9.RELEASE\thymeleaf-spring5-3.0.9.RELEASE.jar;D:\software\repository\repository_laptop\org\thymeleaf\thymeleaf\3.0.9.RELEASE\thymeleaf-3.0.9.RELEASE.jar;D:\software\repository\repository_laptop\org\attoparser\attoparser\2.0.4.RELEASE\attoparser-2.0.4.RELEASE.jar;D:\software\repository\repository_laptop\org\unbescape\unbescape\1.1.5.RELEASE\unbescape-1.1.5.RELEASE.jar;D:\software\repository\repository_laptop\org\thymeleaf\extras\thymeleaf-extras-java8time\3.0.1.RELEASE\thymeleaf-extras-java8time-3.0.1.RELEASE.jar;D:\software\repository\repository_laptop\org\springframework\boot\spring-boot-starter-web\2.0.5.RELEASE\spring-boot-starter-web-2.0.5.RELEASE.jar;D:\software\repository\repository_laptop\org\springframework\boot\spring-boot-starter-json\2.0.5.RELEASE\spring-boot-starter-json-2.0.5.RELEASE.jar;D:\software\repository\repository_laptop\com\fasterxml\jackson\core\jackson-databind\2.9.6\jackson-databind-2.9.6.jar;D:\software\repository\repository_laptop\com\fasterxml\jackson\core\jackson-annotations\2.9.0\jackson-annotations-2.9.0.jar;D:\software\repository\repository_laptop\com\fasterxml\jackson\core\jackson-core\2.9.6\jackson-core-2.9.6.jar;D:\software\repository\repository_laptop\com\fasterxml\jackson\datatype\jackson-datatype-jdk8\2.9.6\jackson-datatype-jdk8-2.9.6.jar;D:\software\repository\repository_laptop\com\fasterxml\jackson\datatype\jackson-datatype-jsr310\2.9.6\jackson-datatype-jsr310-2.9.6.jar;D:\software\repository\repository_laptop\com\fasterxml\jackson\module\jackson-module-parameter-names\2.9.6\jackson-module-parameter-names-2.9.6.jar;D:\software\repository\repository_laptop\org\springframework\boot\spring-boot-starter-tomcat\2.0.5.RELEASE\spring-boot-starter-tomcat-2.0.5.RELEASE.jar;D:\software\repository\repository_laptop\org\apache\tomcat\embed\tomcat-embed-core\8.5.34\tomcat-embed-core-8.5.34.jar;D:\software\repository\repository_laptop\org\apache\tomcat\embed\tomcat-embed-el\8.5.34\tomcat-embed-el-8.5.34.jar;D:\software\repository\repository_laptop\org\apache\tomcat\embed\tomcat-embed-websocket\8.5.34\tomcat-embed-websocket-8.5.34.jar;D:\software\repository\repository_laptop\org\hibernate\validator\hibernate-validator\6.0.12.Final\hibernate-validator-6.0.12.Final.jar;D:\software\repository\repository_laptop\javax\validation\validation-api\2.0.1.Final\validation-api-2.0.1.Final.jar;D:\software\repository\repository_laptop\org\jboss\logging\jboss-logging\3.3.2.Final\jboss-logging-3.3.2.Final.jar;D:\software\repository\repository_laptop\com\fasterxml\classmate\1.3.4\classmate-1.3.4.jar;D:\software\repository\repository_laptop\org\springframework\spring-web\5.0.9.RELEASE\spring-web-5.0.9.RELEASE.jar;D:\software\repository\repository_laptop\org\springframework\spring-beans\5.0.9.RELEASE\spring-beans-5.0.9.RELEASE.jar;D:\software\repository\repository_laptop\org\springframework\spring-webmvc\5.0.9.RELEASE\spring-webmvc-5.0.9.RELEASE.jar;D:\software\repository\repository_laptop\org\springframework\spring-context\5.0.9.RELEASE\spring-context-5.0.9.RELEASE.jar;D:\software\repository\repository_laptop\org\springframework\spring-expression\5.0.9.RELEASE\spring-expression-5.0.9.RELEASE.jar;D:\software\repository\repository_laptop\org\springframework\boot\spring-boot-starter-test\2.0.5.RELEASE\spring-boot-starter-test-2.0.5.RELEASE.jar;D:\software\repository\repository_laptop\org\springframework\boot\spring-boot-test\2.0.5.RELEASE\spring-boot-test-2.0.5.RELEASE.jar;D:\software\repository\repository_laptop\org\springframework\boot\spring-boot-test-autoconfigure\2.0.5.RELEASE\spring-boot-test-autoconfigure-2.0.5.RELEASE.jar;D:\software\repository\repository_laptop\com\jayway\jsonpath\json-path\2.4.0\json-path-2.4.0.jar;D:\software\repository\repository_laptop\net\minidev\json-smart\2.3\json-smart-2.3.jar;D:\software\repository\repository_laptop\net\minidev\accessors-smart\1.2\accessors-smart-1.2.jar;D:\software\repository\repository_laptop\org\ow2\asm\asm\5.0.4\asm-5.0.4.jar;D:\software\repository\repository_laptop\junit\junit\4.12\junit-4.12.jar;D:\software\repository\repository_laptop\org\assertj\assertj-core\3.9.1\assertj-core-3.9.1.jar;D:\software\repository\repository_laptop\org\mockito\mockito-core\2.15.0\mockito-core-2.15.0.jar;D:\software\repository\repository_laptop\net\bytebuddy\byte-buddy\1.7.11\byte-buddy-1.7.11.jar;D:\software\repository\repository_laptop\net\bytebuddy\byte-buddy-agent\1.7.11\byte-buddy-agent-1.7.11.jar;D:\software\repository\repository_laptop\org\objenesis\objenesis\2.6\objenesis-2.6.jar;D:\software\repository\repository_laptop\org\hamcrest\hamcrest-core\1.3\hamcrest-core-1.3.jar;D:\software\repository\repository_laptop\org\hamcrest\hamcrest-library\1.3\hamcrest-library-1.3.jar;D:\software\repository\repository_laptop\org\skyscreamer\jsonassert\1.5.0\jsonassert-1.5.0.jar;D:\software\repository\repository_laptop\com\vaadin\external\google\android-json\0.0.20131108.vaadin1\android-json-0.0.20131108.vaadin1.jar;D:\software\repository\repository_laptop\org\springframework\spring-core\5.0.9.RELEASE\spring-core-5.0.9.RELEASE.jar;D:\software\repository\repository_laptop\org\springframework\spring-jcl\5.0.9.RELEASE\spring-jcl-5.0.9.RELEASE.jar;D:\software\repository\repository_laptop\org\springframework\spring-test\5.0.9.RELEASE\spring-test-5.0.9.RELEASE.jar;D:\software\repository\repository_laptop\org\xmlunit\xmlunit-core\2.5.1\xmlunit-core-2.5.1.jar;D:\software\repository\repository_laptop\org\springframework\boot\spring-boot-starter-data-jpa\2.0.5.RELEASE\spring-boot-starter-data-jpa-2.0.5.RELEASE.jar;D:\software\repository\repository_laptop\org\springframework\boot\spring-boot-starter-aop\2.0.5.RELEASE\spring-boot-starter-aop-2.0.5.RELEASE.jar;D:\software\repository\repository_laptop\org\aspectj\aspectjweaver\1.8.13\aspectjweaver-1.8.13.jar;D:\software\repository\repository_laptop\org\springframework\boot\spring-boot-starter-jdbc\2.0.5.RELEASE\spring-boot-starter-jdbc-2.0.5.RELEASE.jar;D:\software\repository\repository_laptop\com\zaxxer\HikariCP\2.7.9\HikariCP-2.7.9.jar;D:\software\repository\repository_laptop\org\springframework\spring-jdbc\5.0.9.RELEASE\spring-jdbc-5.0.9.RELEASE.jar;D:\software\repository\repository_laptop\javax\transaction\javax.transaction-api\1.2\javax.transaction-api-1.2.jar;D:\software\repository\repository_laptop\org\hibernate\hibernate-core\5.2.17.Final\hibernate-core-5.2.17.Final.jar;D:\software\repository\repository_laptop\org\hibernate\javax\persistence\hibernate-jpa-2.1-api\1.0.2.Final\hibernate-jpa-2.1-api-1.0.2.Final.jar;D:\software\repository\repository_laptop\org\javassist\javassist\3.22.0-GA\javassist-3.22.0-GA.jar;D:\software\repository\repository_laptop\antlr\antlr\2.7.7\antlr-2.7.7.jar;D:\software\repository\repository_laptop\org\jboss\jandex\2.0.3.Final\jandex-2.0.3.Final.jar;D:\software\repository\repository_laptop\dom4j\dom4j\1.6.1\dom4j-1.6.1.jar;D:\software\repository\repository_laptop\org\hibernate\common\hibernate-commons-annotations\5.0.1.Final\hibernate-commons-annotations-5.0.1.Final.jar;D:\software\repository\repository_laptop\org\springframework\data\spring-data-jpa\2.0.10.RELEASE\spring-data-jpa-2.0.10.RELEASE.jar;D:\software\repository\repository_laptop\org\springframework\data\spring-data-commons\2.0.10.RELEASE\spring-data-commons-2.0.10.RELEASE.jar;D:\software\repository\repository_laptop\org\springframework\spring-orm\5.0.9.RELEASE\spring-orm-5.0.9.RELEASE.jar;D:\software\repository\repository_laptop\org\springframework\spring-tx\5.0.9.RELEASE\spring-tx-5.0.9.RELEASE.jar;D:\software\repository\repository_laptop\org\springframework\spring-aspects\5.0.9.RELEASE\spring-aspects-5.0.9.RELEASE.jar;D:\software\repository\repository_laptop\mysql\mysql-connector-java\5.1.47\mysql-connector-java-5.1.47.jar;D:\software\repository\repository_laptop\com\querydsl\querydsl-jpa\4.1.4\querydsl-jpa-4.1.4.jar;D:\software\repository\repository_laptop\com\querydsl\querydsl-core\4.1.4\querydsl-core-4.1.4.jar;D:\software\repository\repository_laptop\com\google\guava\guava\18.0\guava-18.0.jar;D:\software\repository\repository_laptop\com\google\code\findbugs\jsr305\1.3.9\jsr305-1.3.9.jar;D:\software\repository\repository_laptop\com\mysema\commons\mysema-commons-lang\0.2.4\mysema-commons-lang-0.2.4.jar;D:\software\repository\repository_laptop\com\infradna\tool\bridge-method-annotation\1.13\bridge-method-annotation-1.13.jar;D:\software\repository\repository_laptop\org\slf4j\slf4j-api\1.7.25\slf4j-api-1.7.25.jar;D:\software\repository\repository_laptop\org\slf4j\slf4j-log4j12\1.6.1\slf4j-log4j12-1.6.1.jar;D:\software\repository\repository_laptop\log4j\log4j\1.2.16\log4j-1.2.16.jar;D:\software\repository\repository_laptop\org\springframework\boot\spring-boot-starter-security\2.0.5.RELEASE\spring-boot-starter-security-2.0.5.RELEASE.jar;D:\software\repository\repository_laptop\org\springframework\spring-aop\5.0.9.RELEASE\spring-aop-5.0.9.RELEASE.jar;D:\software\repository\repository_laptop\org\springframework\security\spring-security-config\5.0.8.RELEASE\spring-security-config-5.0.8.RELEASE.jar;D:\software\repository\repository_laptop\org\springframework\security\spring-security-core\5.0.8.RELEASE\spring-security-core-5.0.8.RELEASE.jar;D:\software\repository\repository_laptop\org\springframework\security\spring-security-web\5.0.8.RELEASE\spring-security-web-5.0.8.RELEASE.jar;"/>
    <property name="sun.cpu.endian" value="little"/>
    <property name="user.home" value="C:\Users\dperez"/>
    <property name="user.language" value="es"/>
    <property name="java.specification.vendor" value="Oracle Corporation"/>
    <property name="java.home" value="C:\Program Files\Java\jdk1.8.0_144\jre"/>
    <property name="basedir" value="D:\software\udemy\Spring Boot Ninja\Practicas\backendninja"/>
    <property name="file.separator" value="\"/>
    <property name="line.separator" value="&#10;"/>
    <property name="java.vm.specification.vendor" value="Oracle Corporation"/>
    <property name="java.specification.name" value="Java Platform API Specification"/>
    <property name="java.awt.graphicsenv" value="sun.awt.Win32GraphicsEnvironment"/>
    <property name="surefire.real.class.path" value="C:\Users\dperez\AppData\Local\Temp\surefire6678698926665862587\surefirebooter8290167535598574112.jar"/>
    <property name="sun.boot.class.path" value="C:\Program Files\Java\jdk1.8.0_144\jre\lib\resources.jar;C:\Program Files\Java\jdk1.8.0_144\jre\lib\rt.jar;C:\Program Files\Java\jdk1.8.0_144\jre\lib\sunrsasign.jar;C:\Program Files\Java\jdk1.8.0_144\jre\lib\jsse.jar;C:\Program Files\Java\jdk1.8.0_144\jre\lib\jce.jar;C:\Program Files\Java\jdk1.8.0_144\jre\lib\charsets.jar;C:\Program Files\Java\jdk1.8.0_144\jre\lib\jfr.jar;C:\Program Files\Java\jdk1.8.0_144\jre\classes"/>
    <property name="user.script" value=""/>
    <property name="sun.management.compiler" value="HotSpot 64-Bit Tiered Compilers"/>
    <property name="java.runtime.version" value="1.8.0_144-b01"/>
    <property name="user.name" value="dperez"/>
    <property name="path.separator" value=";"/>
    <property name="os.version" value="10.0"/>
    <property name="java.endorsed.dirs" value="C:\Program Files\Java\jdk1.8.0_144\jre\lib\endorsed"/>
    <property name="java.runtime.name" value="Java(TM) SE Runtime Environment"/>
    <property name="file.encoding" value="Cp1252"/>
    <property name="java.vm.name" value="Java HotSpot(TM) 64-Bit Server VM"/>
    <property name="localRepository" value="D:\software\repository\repository_laptop"/>
    <property name="java.vendor.url.bug" value="http://bugreport.sun.com/bugreport/"/>
    <property name="java.io.tmpdir" value="C:\Users\dperez\AppData\Local\Temp\"/>
    <property name="java.version" value="1.8.0_144"/>
    <property name="user.dir" value="D:\software\udemy\Spring Boot Ninja\Practicas\backendninja"/>
    <property name="os.arch" value="amd64"/>
    <property name="java.vm.specification.name" value="Java Virtual Machine Specification"/>
    <property name="java.awt.printerjob" value="sun.awt.windows.WPrinterJob"/>
    <property name="sun.os.patch.level" value=""/>
    <property name="java.library.path" value="C:\Program Files\Java\jdk1.8.0_144\jre\bin;C:\WINDOWS\Sun\Java\bin;C:\WINDOWS\system32;C:\WINDOWS;C:/Program Files/Java/jdk1.8.0_144/bin/../jre/bin/server;C:/Program Files/Java/jdk1.8.0_144/bin/../jre/bin;C:/Program Files/Java/jdk1.8.0_144/bin/../jre/lib/amd64;C:\Program Files\Java\jdk1.8.0_144\bin;D:\software\apache-maven-3.6.0\bin;D:\app\dperez\virtual\product\12.2.0\dbhome_1\bin;C:\ProgramData\Oracle\Java\javapath;C:\Program Files (x86)\Intel\iCLS Client\;C:\Program Files\Intel\iCLS Client\;C:\Windows\system32;C:\Windows;C:\Windows\System32\Wbem;C:\Windows\System32\WindowsPowerShell\v1.0\;C:\Program Files (x86)\NVIDIA Corporation\PhysX\Common;C:\Program Files (x86)\Intel\Intel(R) Management Engine Components\DAL;C:\Program Files\Intel\Intel(R) Management Engine Components\DAL;C:\Program Files (x86)\Intel\Intel(R) Management Engine Components\IPT;C:\Program Files\Intel\Intel(R) Management Engine Components\IPT;C:\Program Files\Intel\WiFi\bin\;C:\Program Files\Common Files\Intel\WirelessCommon\;C:\Program Files\MySQL\MySQL Utilities 1.6\;C:\WINDOWS\system32;C:\WINDOWS;C:\WINDOWS\System32\Wbem;C:\WINDOWS\System32\WindowsPowerShell\v1.0\;D:\Archivos de programa\nodejs\;C:\WINDOWS\System32\OpenSSH\;C:\Users\dperez\AppData\Local\Microsoft\WindowsApps;C:\Users\dperez\AppData\Local\GitHubDesktop\bin;C:\Users\dperez\AppData\Local\Microsoft\WindowsApps;C:\Users\dperez\AppData\Roaming\npm;;D:\software\IDE\eclipse;;."/>
    <property name="java.vm.info" value="mixed mode"/>
    <property name="java.vendor" value="Oracle Corporation"/>
    <property name="java.vm.version" value="25.144-b01"/>
    <property name="java.ext.dirs" value="C:\Program Files\Java\jdk1.8.0_144\jre\lib\ext;C:\WINDOWS\Sun\Java\lib\ext"/>
    <property name="sun.io.unicode.encoding" value="UnicodeLittle"/>
    <property name="java.class.version" value="52.0"/>
  </properties>
  <testcase name="contextLoads" classname="com.udemy.BackendninjaApplicationTests" time="0.279"/>
</testsuite>